2017-07-15T19:57:43+00:00 INFO Generating payment form for order 27. Notify URL: http://app.jopi.com.mx/wc-api/WC_Gateway_Paypal/
2017-07-15T19:57:43+00:00 INFO PayPal Request Args for order 27: cmd=_cart&business=contacto%40jopi.com.mx&no_note=1&currency_code=MXN&charset=utf-8&rm=1&upload=1&return=http%3A%2F%2Fapp.jopi.com.mx%2Ffinalizar-compra%2Forder-received%2F27%3Fkey%3Dwc_order_596a73b799103%26utm_nooverride%3D1&cancel_return=http%3A%2F%2Fapp.jopi.com.mx%2Fcarrito%2F%3Fcancel_order%3Dtrue%26order%3Dwc_order_596a73b799103%26order_id%3D27%26redirect%26_wpnonce%3Df9bc449eca&page_style=&image_url=&paymentaction=authorization&bn=WooThemes_Cart&invoice=JoPi27&custom=%7B%22order_id%22%3A27%2C%22order_key%22%3A%22wc_order_596a73b799103%22%7D&notify_url=http%3A%2F%2Fapp.jopi.com.mx%2Fwc-api%2FWC_Gateway_Paypal%2F&first_name=Luis&last_name=Casillas&address1=calle&address2=12&city=Puebla&state=PUEBLA&zip=72000&country=MX&email=casillasljaime%40gmail.com&night_phone_b=&no_shipping=1&item_name_1=Producto+prueba+x+1&quantity_1=1&amount_1=1&item_number_1=27
2017-07-15T20:14:56+00:00 INFO Subscription Request Parameters: Array
(
    [method] => POST
    [uri] => https://api-3t.paypal.com/nvp
    [user-agent] => WooCommerce-Subscriptions-PayPal/2.2.8 (WooCommerce/3.1.1; WordPress/4.8)
    [headers] => Array
        (
        )

    [body] => Array
(
    [USER] => *************************
    [PWD] => ****************
    [SIGNATURE] => ********************************************************
    [VERSION] => 124
    [METHOD] => SetExpressCheckout
    [L_BILLINGTYPE0] => MerchantInitiatedBillingSingleAgreement
    [L_BILLINGAGREEMENTDESCRIPTION0] => Orders with JoPi
    [RETURNURL] => http://app.jopi.com.mx/wc-api/wcs_paypal/?action=reference_transaction_account_check
    [CANCELURL] => http://app.jopi.com.mx/wc-api/wcs_paypal/?action=reference_transaction_account_check
    [BRANDNAME] => JoPi
    [LANDINGPAGE] => Login
    [NOSHIPPING] => 1
    [MAXAMT] => 0.00
)

    [duration] => 0.95179s
)

2017-07-15T20:14:56+00:00 INFO Subscription Request Response: Array
(
    [code] => 200
    [message] => OK
    [headers] => Requests_Utility_CaseInsensitiveDictionary Object
        (
            [data:protected] => Array
                (
                    [date] => Sat, 15 Jul 2017 20:14:55 GMT
                    [server] => Apache
                    [x-slr-retry-api] => SetExpressCheckout
                    [x-paypal-operation-name] => SetExpressCheckout
                    [x-paypal-api-rc] => 11452
                    [http_x_pp_az_locator] => dcg13.slc
                    [paypal-debug-id] => 239073a0c5813
                    [set-cookie] => Array
                        (
                            [0] => X-PP-SILOVER=name%3DLIVE5.APIT.1%26silo_version%3D880%26app%3Dappdispatcher_apit%26TIME%3D3212274265%26HTTP_X_PP_AZ_LOCATOR%3Ddcg13.slc; Expires=Sat, 15 Jul 2017 20:44:56 GMT; domain=.paypal.com; path=/; Secure; HttpOnly
                            [1] => X-PP-SILOVER=; Expires=Thu, 01 Jan 1970 00:00:01 GMT
                        )

                    [content-length] => 293
                    [cache-control] => max-age=0, no-cache, no-store, must-revalidate
                    [pragma] => no-cache
                    [content-type] => text/plain; charset=utf-8
                )

        )

    [body] => Array
(
    [TIMESTAMP] => 2017-07-15T20:14:56Z
    [CORRELATIONID] => 239073a0c5813
    [ACK] => Failure
    [VERSION] => 124
    [BUILD] => 36361320
    [L_ERRORCODE0] => 11452
    [L_SHORTMESSAGE0] => Merchant not enabled for reference transactions
    [L_LONGMESSAGE0] => Merchant not enabled for reference transactions
    [L_SEVERITYCODE0] => Error
)

)

2017-07-15T20:21:37+00:00 INFO Generating payment form for order 28. Notify URL: https://app.jopi.com.mx/wc-api/WC_Gateway_Paypal/
2017-07-15T20:21:37+00:00 INFO PayPal Request Args for order 28: cmd=_xclick-subscriptions&business=contacto%40jopi.com.mx&no_note=1&currency_code=MXN&charset=utf-8&rm=2&upload=1&return=https%3A%2F%2Fapp.jopi.com.mx%2Ffinalizar-compra%2Forder-received%2F28%3Fkey%3Dwc_order_596a7950dc271%26utm_nooverride%3D1&cancel_return=http%3A%2F%2Fapp.jopi.com.mx%2Fcarrito%2F%3Fcancel_order%3Dtrue%26order%3Dwc_order_596a7950dc271%26order_id%3D28%26redirect%26_wpnonce%3Df07d3153bc&page_style=&image_url=&paymentaction=authorization&bn=WooThemes_Cart&invoice=JoPi28&custom=%7B%22order_id%22%3A28%2C%22order_key%22%3A%22wc_order_596a7950dc271%22%2C%22subscription_id%22%3A29%2C%22subscription_key%22%3A%22wc_order_596a79510c017%22%7D&notify_url=https%3A%2F%2Fapp.jopi.com.mx%2Fwc-api%2FWC_Gateway_Paypal%2F&first_name=Luis&last_name=Casillas&address1=calle&address2=12&city=Puebla&state=&zip=72000&country=MX&email=casillasljaime%40gmail.com&night_phone_b=&no_shipping=1&item_name_1=Precio+protecci%C3%B3n+Jopi+-+1+x+1&quantity_1=1&amount_1=239&item_number_1=28&item_name=Subscription+29+%28Order+28%29+-+Precio+protecci%C3%B3n+Jopi+-+1&a3=239.00&p3=1&t3=M&src=1&sra=0
2017-07-17T23:34:47+00:00 INFO Generating payment form for order 38. Notify URL: https://app.jopi.com.mx/wc-api/WC_Gateway_Paypal/
2017-07-17T23:34:47+00:00 INFO PayPal Request Args for order 38: cmd=_xclick-subscriptions&business=contacto%40jopi.com.mx&no_note=1&currency_code=MXN&charset=utf-8&rm=2&upload=1&return=https%3A%2F%2Fapp.jopi.com.mx%2Ffinalizar-compra%2Forder-received%2F38%3Fkey%3Dwc_order_596d499669d8d%26utm_nooverride%3D1&cancel_return=https%3A%2F%2Fapp.jopi.com.mx%2Fcarrito%2F%3Fcancel_order%3Dtrue%26order%3Dwc_order_596d499669d8d%26order_id%3D38%26redirect%26_wpnonce%3D3747e680cc&page_style=&image_url=&paymentaction=authorization&bn=WooThemes_Cart&invoice=JoPi38&custom=%7B%22order_id%22%3A38%2C%22order_key%22%3A%22wc_order_596d499669d8d%22%2C%22subscription_id%22%3A39%2C%22subscription_key%22%3A%22wc_order_596d49968d076%22%7D&notify_url=https%3A%2F%2Fapp.jopi.com.mx%2Fwc-api%2FWC_Gateway_Paypal%2F&first_name=Luis&last_name=Casillas&address1=calle&address2=12&city=Puebla&state=DISTRITO+FEDERAL&zip=72000&country=MX&email=casillasljaime%40gmail.com&night_phone_b=&no_shipping=1&item_name_1=Precio+protecci%C3%B3n+Jopi+-+1+x+7&quantity_1=1&amount_1=1673&item_number_1=38&item_name=Subscription+39+%28Order+38%29+-+7+x+Precio+protecci%C3%B3n+Jopi+-+1&a3=1673.00&p3=1&t3=M&src=1&sra=0
2017-07-17T23:35:03+00:00 INFO Generating payment form for order 40. Notify URL: https://app.jopi.com.mx/wc-api/WC_Gateway_Paypal/
2017-07-17T23:35:03+00:00 INFO PayPal Request Args for order 40: cmd=_xclick-subscriptions&business=contacto%40jopi.com.mx&no_note=1&currency_code=MXN&charset=utf-8&rm=2&upload=1&return=https%3A%2F%2Fapp.jopi.com.mx%2Ffinalizar-compra%2Forder-received%2F40%3Fkey%3Dwc_order_596d49a72c0a7%26utm_nooverride%3D1&cancel_return=https%3A%2F%2Fapp.jopi.com.mx%2Fcarrito%2F%3Fcancel_order%3Dtrue%26order%3Dwc_order_596d49a72c0a7%26order_id%3D40%26redirect%26_wpnonce%3D18cf7f9a00&page_style=&image_url=&paymentaction=authorization&bn=WooThemes_Cart&invoice=JoPi40&custom=%7B%22order_id%22%3A40%2C%22order_key%22%3A%22wc_order_596d49a72c0a7%22%2C%22subscription_id%22%3A41%2C%22subscription_key%22%3A%22wc_order_596d49a7494bf%22%7D&notify_url=https%3A%2F%2Fapp.jopi.com.mx%2Fwc-api%2FWC_Gateway_Paypal%2F&first_name=Jonathan&last_name=Meza+Berlin&address1=&address2=&city=&state=DISTRITO+FEDERAL&zip=&country=MX&email=berlin2307%40gmail.com&night_phone_b=&no_shipping=1&item_name_1=Precio+protecci%C3%B3n+Jopi+-+1+x+1&quantity_1=1&amount_1=239&item_number_1=40&item_name=Subscription+41+%28Order+40%29+-+Precio+protecci%C3%B3n+Jopi+-+1&a3=239.00&p3=1&t3=M&src=1&sra=0
2017-07-24T19:24:19+00:00 INFO Subscription Request Parameters: Array
(
    [method] => POST
    [uri] => https://api-3t.paypal.com/nvp
    [user-agent] => WooCommerce-Subscriptions-PayPal/2.2.8 (WooCommerce/3.1.1; WordPress/4.8)
    [headers] => Array
        (
        )

    [body] => Array
(
    [USER] => *************************
    [PWD] => ****************
    [SIGNATURE] => ********************************************************
    [VERSION] => 124
    [METHOD] => SetExpressCheckout
    [L_BILLINGTYPE0] => MerchantInitiatedBillingSingleAgreement
    [L_BILLINGAGREEMENTDESCRIPTION0] => Orders with JoPi
    [RETURNURL] => https://app.jopi.com.mx/wc-api/wcs_paypal/?action=reference_transaction_account_check
    [CANCELURL] => https://app.jopi.com.mx/wc-api/wcs_paypal/?action=reference_transaction_account_check
    [BRANDNAME] => JoPi
    [LANDINGPAGE] => Login
    [NOSHIPPING] => 1
    [MAXAMT] => 0.00
)

    [duration] => 0.80267s
)

2017-07-24T19:24:19+00:00 INFO Subscription Request Response: Array
(
    [code] => 200
    [message] => OK
    [headers] => Requests_Utility_CaseInsensitiveDictionary Object
        (
            [data:protected] => Array
                (
                    [date] => Mon, 24 Jul 2017 19:24:18 GMT
                    [server] => Apache
                    [x-slr-retry-api] => SetExpressCheckout
                    [x-paypal-operation-name] => SetExpressCheckout
                    [x-paypal-api-rc] => 11452
                    [http_x_pp_az_locator] => dcg12.slc
                    [paypal-debug-id] => a76c8faf9669f
                    [set-cookie] => Array
                        (
                            [0] => X-PP-SILOVER=name%3DLIVE6.APIT.1%26silo_version%3D880%26app%3Dappdispatcher_apit%26TIME%3D1648981593%26HTTP_X_PP_AZ_LOCATOR%3Ddcg12.slc; Expires=Mon, 24 Jul 2017 19:54:18 GMT; domain=.paypal.com; path=/; Secure; HttpOnly
                            [1] => X-PP-SILOVER=; Expires=Thu, 01 Jan 1970 00:00:01 GMT
                        )

                    [content-length] => 293
                    [cache-control] => max-age=0, no-cache, no-store, must-revalidate
                    [pragma] => no-cache
                    [content-type] => text/plain; charset=utf-8
                )

        )

    [body] => Array
(
    [TIMESTAMP] => 2017-07-24T19:24:18Z
    [CORRELATIONID] => a76c8faf9669f
    [ACK] => Failure
    [VERSION] => 124
    [BUILD] => 36767331
    [L_ERRORCODE0] => 11452
    [L_SHORTMESSAGE0] => Merchant not enabled for reference transactions
    [L_LONGMESSAGE0] => Merchant not enabled for reference transactions
    [L_SEVERITYCODE0] => Error
)

)

